Build started 12/9/2015 9:59:12 PM.
     1>Project "C:\Users\Nick\Documents\Ecole\Ans 3\CSI2772\githubwithZack\CSI-Project\Projet\Projet.vcxproj" on node 2 (Build target(s)).
     1>ClCompile:
         C:\Program Files (x86)\Microsoft Visual Studio 14.0\VC\bin\x86_amd64\CL.exe /c /ZI /nologo /W3 /WX- /sdl /Od /D _DEBUG /D _CONSOLE /D _UNICODE /D UNICODE /Gm /EHsc /RTC1 /MDd /GS /fp:precise /Zc:wchar_t /Zc:forScope /Zc:inline /Fo"x64\Debug\\" /Fd"x64\Debug\vc140.pdb" /Gd /TP /errorReport:prompt Game.cpp
         Game.cpp
       Link:
         C:\Program Files (x86)\Microsoft Visual Studio 14.0\VC\bin\x86_amd64\link.exe /ERRORREPORT:PROMPT /OUT:"C:\Users\Nick\Documents\Ecole\Ans 3\CSI2772\githubwithZack\CSI-Project\x64\Debug\Projet.exe" /INCREMENTAL /NOLOGO kernel32.lib user32.lib gdi32.lib winspool.lib comdlg32.lib advapi32.lib shell32.lib ole32.lib oleaut32.lib uuid.lib odbc32.lib odbccp32.lib /MANIFEST /MANIFESTUAC:"level='asInvoker' uiAccess='false'" /manifest:embed /Debug /PDB:"C:\Users\Nick\Documents\Ecole\Ans 3\CSI2772\githubwithZack\CSI-Project\x64\Debug\Projet.pdb" /SUBSYSTEM:CONSOLE /TLBID:1 /DYNAMICBASE /NXCOMPAT /IMPLIB:"C:\Users\Nick\Documents\Ecole\Ans 3\CSI2772\githubwithZack\CSI-Project\x64\Debug\Projet.lib" /MACHINE:X64 x64\Debug\ActionCard.obj
         x64\Debug\AnimalCard.obj
         x64\Debug\AnimalCardFactory.obj
         x64\Debug\BearAction.obj
         x64\Debug\Deck.obj
         x64\Debug\DeerAction.obj
         x64\Debug\Game.obj
         x64\Debug\Hand.obj
         x64\Debug\HareAction.obj
         x64\Debug\Joker.obj
         x64\Debug\MooseAction.obj
         x64\Debug\NoSplit.obj
         x64\Debug\Player.obj
         x64\Debug\QueryResult.obj
         x64\Debug\SplitFour.obj
         x64\Debug\SplitThree.obj
         x64\Debug\SplitTwo.obj
         x64\Debug\StartCard.obj
         x64\Debug\Table.obj
         x64\Debug\WolfAction.obj
     1>Game.obj : error LNK2019: unresolved external symbol "public: class AnimalCard __cdecl Deck<class AnimalCard>::draw(void)" (?draw@?$Deck@VAnimalCard@@@@QEAA?AVAnimalCard@@XZ) referenced in function main
     1>C:\Users\Nick\Documents\Ecole\Ans 3\CSI2772\githubwithZack\CSI-Project\x64\Debug\Projet.exe : fatal error LNK1120: 1 unresolved externals
     1>Done Building Project "C:\Users\Nick\Documents\Ecole\Ans 3\CSI2772\githubwithZack\CSI-Project\Projet\Projet.vcxproj" (Build target(s)) -- FAILED.

Build FAILED.

Time Elapsed 00:00:01.84
